C51 COMPILER V9.60.0.0   LCD                                                               03/15/2022 22:42:26 PAGE 1   


C51 COMPILER V9.60.0.0, COMPILATION OF MODULE LCD
NO OBJECT MODULE REQUESTED
COMPILER INVOKED BY: C:\Keil_v5\C51\BIN\C51.EXE lcd.c OPTIMIZE(8,SPEED) BROWSE DEBUG OBJECTEXTEND PRINT(.\Listings\lcd.l
                    -st) TABS(2) SRC(.\Objects\lcd.SRC)

line level    source

   1          #include <reg51.h>
   2          #include "lcd.h"
   3          #include "port.h"
   4          #include "delay.h"
   5          
   6          
   7          void LCD_Command (unsigned char cmd) 
   8          {
   9   1        LCD_DATA = cmd;
  10   1        RS=0;   
  11   1        RW=0;   
  12   1        EN=1; 
  13   1        delay_ms(1);
  14   1        EN=0;
  15   1        delay_ms(5);
  16   1      }
  17          
  18          void LCD_Char (unsigned char char_data) 
  19          {
  20   1        LCD_DATA=char_data;
  21   1        RS=1;   
  22   1        RW=0; 
  23   1        EN=1;           
  24   1        delay_ms(1);
  25   1        EN=0;
  26   1        delay_ms(5);
  27   1      }
  28          
  29          void LCD_String (unsigned char *str)
  30          {
  31   1        int i;
  32   1        for(i=0;str[i]!=0;i++)
  33   1        {
  34   2          LCD_Char (str[i]);  
  35   2        }
  36   1      }
  37          
  38          void LCD_String_xy (char row, char pos, char *str) 
  39          {
  40   1        if (row == 0)
  41   1        LCD_Command((pos & 0x0F)|0x80);
  42   1        else if (row == 1)
  43   1        LCD_Command((pos & 0x0F)|0xC0);
  44   1        LCD_String(str);  
  45   1      }
  46          
  47          void LCD_Init ()  
  48          { 
  49   1        delay_ms(20);   
  50   1        LCD_Command (0x38); 
  51   1        LCD_Command (0x0C);
  52   1        LCD_Command (0x06); 
  53   1        LCD_Command (0x01); 
  54   1        LCD_Command (0x80); 
C51 COMPILER V9.60.0.0   LCD                                                               03/15/2022 22:42:26 PAGE 2   

  55   1      }


MODULE INFORMATION:   STATIC OVERLAYABLE
   CODE SIZE        =    180    ----
   CONSTANT SIZE    =   ----    ----
   XDATA SIZE       =   ----    ----
   PDATA SIZE       =   ----    ----
   DATA SIZE        =   ----      10
   IDATA SIZE       =   ----    ----
   BIT SIZE         =   ----    ----
END OF MODULE INFORMATION.


C51 COMPILATION COMPLETE.  0 WARNING(S),  0 ERROR(S)
