C51 COMPILER V9.60.0.0   MAIN                                                              03/15/2022 22:42:26 PAGE 1   


C51 COMPILER V9.60.0.0, COMPILATION OF MODULE MAIN
NO OBJECT MODULE REQUESTED
COMPILER INVOKED BY: C:\Keil_v5\C51\BIN\C51.EXE main.c OPTIMIZE(8,SPEED) BROWSE DEBUG OBJECTEXTEND PRINT(.\Listings\main
                    -.lst) TABS(2) SRC(.\Objects\main.SRC)

line level    source

   1          #include <reg51.h>
   2          #include <stdio.h>
   3          #include <string.h>
   4          #include <stdlib.h>
   5          #include "main.h"
   6          #include "port.h"
   7          #include "lcd.h"
   8          #include "dht.h"
   9          #include "delay.h"
  10          #include "ADC0804.h"
  11          #include "interrupt.h"
  12          #include "uart.h"
  13          
  14          int I_RH, D_RH, I_Temp, D_Temp, CheckSum;
  15          unsigned char dat[20];
  16          unsigned int adc_value_GPMY;
  17          unsigned int voltage_GPMY;
  18          unsigned int dustDensity;
  19          
  20          void get_DHT11();
  21          void get_MQ05();
  22          void get_GPMY();
  23          
  24          void reverse(char *s) {
  25   1        char * j;
  26   1        int c;
  27   1      
  28   1        j = s + strlen(s) - 1;
  29   1        while (s < j) {
  30   2          c = * s;
  31   2          * s++ = * j;
  32   2          * j-- = c;
  33   2        }
  34   1      }
  35          
  36          void itoa(int n, char s[]) {
  37   1        int i, sign;
  38   1      
  39   1        if ((sign = n) < 0) 
  40   1          n = -n; 
  41   1        i = 0;
  42   1        do {
  43   2          s[i++] = n % 10 + '0';
  44   2        } while ((n /= 10) > 0); 
  45   1        if (sign < 0)
  46   1          s[i++] = '-';
  47   1        s[i] = '\0';
  48   1        reverse(s);
  49   1      }
  50          
  51          void main() {
  52   1        Uart_Init();
  53   1        LCD_Init();
  54   1        INT_Init();
C51 COMPILER V9.60.0.0   MAIN                                                              03/15/2022 22:42:26 PAGE 2   

  55   1        while (1) {
  56   2      
  57   2          get_DHT11();
  58   2          get_GPMY();
  59   2          get_MQ05();
  60   2        }
  61   1      }
  62          
  63          void get_DHT11() {
  64   1        Request();
  65   1        Response();
  66   1      
  67   1        I_RH = Receive_data();
  68   1        D_RH = Receive_data();
  69   1        I_Temp = Receive_data();
  70   1        D_Temp = Receive_data();
  71   1        CheckSum = Receive_data();
  72   1        
  73   1        if ((I_RH + D_RH + I_Temp + D_Temp) != CheckSum) {
  74   2          LCD_String_xy(0,0,"Error");
  75   2        }
  76   1        else{
  77   2          itoa(I_RH, dat);
  78   2          LCD_String_xy(0,0,"Do am:");
  79   2          LCD_String(dat);
  80   2          itoa(I_Temp, dat);
  81   2          LCD_String(" Nhiet do:");
  82   2          LCD_String(dat);
  83   2        }
  84   1        delay_ms(1000);
  85   1      }
  86          
  87          void get_GPMY() {
  88   1        LED_GPMY = 1;
  89   1        timer_delay280us();
  90   1        voltage_GPMY = ADC0804_Read();
  91   1        timer_delay40us();
  92   1        LED_GPMY = 0;
  93   1        timer_delay9680us();
  94   1        
  95   1        itoa( voltage_GPMY, dat);
  96   1        LCD_String_xy(1,0,dat);
  97   1        
  98   1      }
  99          
 100          void get_MQ05() {
 101   1        if (MQ05) LCD_String(" 1");
 102   1        else LCD_String(" 0");
 103   1      }
 104          
 105          void EX1_ISR(void) interrupt 2 {
 106   1        timer_delay20ms();
 107   1        LED_LCD = !LED_LCD;
 108   1      } 


MODULE INFORMATION:   STATIC OVERLAYABLE
   CODE SIZE        =    574    ----
   CONSTANT SIZE    =     30    ----
   XDATA SIZE       =   ----    ----
   PDATA SIZE       =   ----    ----
   DATA SIZE        =     36      15
C51 COMPILER V9.60.0.0   MAIN                                                              03/15/2022 22:42:26 PAGE 3   

   IDATA SIZE       =   ----    ----
   BIT SIZE         =   ----    ----
END OF MODULE INFORMATION.


C51 COMPILATION COMPLETE.  0 WARNING(S),  0 ERROR(S)
