C51 COMPILER V9.60.0.0   UART                                                              03/15/2022 22:42:27 PAGE 1   


C51 COMPILER V9.60.0.0, COMPILATION OF MODULE UART
NO OBJECT MODULE REQUESTED
COMPILER INVOKED BY: C:\Keil_v5\C51\BIN\C51.EXE uart.c OPTIMIZE(8,SPEED) BROWSE DEBUG OBJECTEXTEND PRINT(.\Listings\uart
                    -.lst) TABS(2) SRC(.\Objects\uart.SRC)

line level    source

   1          #include <reg51.h>
   2          #include "uart.h"
   3          #include "port.h"
   4          #include <stdio.h>
   5          
   6          void Uart_Init()
   7          {
   8   1          // Khoi tao UART o mode 1, 1200 baud
   9   1        SM0 = 0; SM1 = 1;   // Chon UART mode 1
  10   1        TMOD = 0x20;            // 0010 xxxx - Timer1 hoat dong o che do 8bit tu dong nap lai
  11   1        TH1 = 0xE6;       // Toc do baud 1200
  12   1        TR1 = 1;        // Timer1 bat dau chay
  13   1        TI = 1;         // San sang gui du lieu
  14   1        REN = 1;        // Cho phep nhan du lieu
  15   1      }
  16          
  17          void Uart_Write(char c)
  18          {
  19   1        while(TI == 0);
  20   1        TI = 0;
  21   1        SBUF = c;
  22   1      }
  23          
  24          void Uart_Write_Text(char * str)
  25          {
  26   1        unsigned char i = 0;
  27   1        while(str[i]!=0)
  28   1        {
  29   2          Uart_Write(str[i]);
  30   2          i++;
  31   2        }
  32   1      }
  33          
  34          char Uart_Data_Ready()
  35          {
  36   1        return RI;
  37   1      }
  38          
  39          char Uart_Read()
  40          {
  41   1        RI = 0;
  42   1        return SBUF;
  43   1      }


MODULE INFORMATION:   STATIC OVERLAYABLE
   CODE SIZE        =     73    ----
   CONSTANT SIZE    =   ----    ----
   XDATA SIZE       =   ----    ----
   PDATA SIZE       =   ----    ----
   DATA SIZE        =   ----       3
   IDATA SIZE       =   ----    ----
   BIT SIZE         =   ----    ----
END OF MODULE INFORMATION.

C51 COMPILER V9.60.0.0   UART                                                              03/15/2022 22:42:27 PAGE 2   


C51 COMPILATION COMPLETE.  0 WARNING(S),  0 ERROR(S)
